mode: set
golang-2018-1/4/99_hw/coverage/server.go:29.41,37.2 1 1
golang-2018-1/4/99_hw/coverage/server.go:39.46,41.30 2 1
golang-2018-1/4/99_hw/coverage/server.go:44.2,44.14 1 1
golang-2018-1/4/99_hw/coverage/server.go:41.30,43.3 1 1
golang-2018-1/4/99_hw/coverage/server.go:47.71,49.29 2 1
golang-2018-1/4/99_hw/coverage/server.go:62.2,62.12 1 1
golang-2018-1/4/99_hw/coverage/server.go:49.29,50.17 1 1
golang-2018-1/4/99_hw/coverage/server.go:54.3,54.80 1 1
golang-2018-1/4/99_hw/coverage/server.go:50.17,52.12 2 1
golang-2018-1/4/99_hw/coverage/server.go:54.80,55.18 1 1
golang-2018-1/4/99_hw/coverage/server.go:58.4,59.11 2 1
golang-2018-1/4/99_hw/coverage/server.go:55.18,57.5 1 1
golang-2018-1/4/99_hw/coverage/server.go:70.70,71.32 1 1
golang-2018-1/4/99_hw/coverage/server.go:77.2,77.55 1 1
golang-2018-1/4/99_hw/coverage/server.go:83.2,84.16 2 1
golang-2018-1/4/99_hw/coverage/server.go:91.2,93.16 3 1
golang-2018-1/4/99_hw/coverage/server.go:98.2,100.16 3 1
golang-2018-1/4/99_hw/coverage/server.go:105.2,106.16 2 1
golang-2018-1/4/99_hw/coverage/server.go:111.2,114.16 3 1
golang-2018-1/4/99_hw/coverage/server.go:119.2,119.79 1 1
golang-2018-1/4/99_hw/coverage/server.go:124.2,125.25 2 1
golang-2018-1/4/99_hw/coverage/server.go:130.2,130.28 1 1
golang-2018-1/4/99_hw/coverage/server.go:153.2,155.8 3 1
golang-2018-1/4/99_hw/coverage/server.go:71.32,75.3 3 1
golang-2018-1/4/99_hw/coverage/server.go:77.55,81.3 3 1
golang-2018-1/4/99_hw/coverage/server.go:84.16,89.3 4 1
golang-2018-1/4/99_hw/coverage/server.go:93.16,97.3 3 1
golang-2018-1/4/99_hw/coverage/server.go:100.16,104.3 3 1
golang-2018-1/4/99_hw/coverage/server.go:106.16,110.3 3 1
golang-2018-1/4/99_hw/coverage/server.go:114.16,118.3 3 1
golang-2018-1/4/99_hw/coverage/server.go:119.79,123.3 3 1
golang-2018-1/4/99_hw/coverage/server.go:125.25,127.3 1 1
golang-2018-1/4/99_hw/coverage/server.go:127.3,129.3 1 1
golang-2018-1/4/99_hw/coverage/server.go:130.28,132.21 2 1
golang-2018-1/4/99_hw/coverage/server.go:146.3,146.28 1 1
golang-2018-1/4/99_hw/coverage/server.go:133.13,134.52 1 1
golang-2018-1/4/99_hw/coverage/server.go:135.14,136.52 1 1
golang-2018-1/4/99_hw/coverage/server.go:137.15,138.52 1 1
golang-2018-1/4/99_hw/coverage/server.go:139.11,140.52 1 1
golang-2018-1/4/99_hw/coverage/server.go:141.11,144.10 3 1
golang-2018-1/4/99_hw/coverage/server.go:134.52,134.100 1 1
golang-2018-1/4/99_hw/coverage/server.go:136.52,136.102 1 1
golang-2018-1/4/99_hw/coverage/server.go:138.52,138.104 1 1
golang-2018-1/4/99_hw/coverage/server.go:140.52,140.104 1 1
golang-2018-1/4/99_hw/coverage/server.go:146.28,147.44 1 1
golang-2018-1/4/99_hw/coverage/server.go:147.44,149.5 1 1
golang-2018-1/4/99_hw/coverage/client.go:67.80,71.19 2 1
golang-2018-1/4/99_hw/coverage/client.go:74.2,74.20 1 1
golang-2018-1/4/99_hw/coverage/client.go:77.2,77.20 1 1
golang-2018-1/4/99_hw/coverage/client.go:82.2,94.16 10 1
golang-2018-1/4/99_hw/coverage/client.go:100.2,103.25 3 1
golang-2018-1/4/99_hw/coverage/client.go:120.2,122.16 3 1
golang-2018-1/4/99_hw/coverage/client.go:126.2,127.28 2 1
golang-2018-1/4/99_hw/coverage/client.go:134.2,134.21 1 1
golang-2018-1/4/99_hw/coverage/client.go:71.19,73.3 1 1
golang-2018-1/4/99_hw/coverage/client.go:74.20,76.3 1 1
golang-2018-1/4/99_hw/coverage/client.go:77.20,79.3 1 1
golang-2018-1/4/99_hw/coverage/client.go:94.16,95.54 1 1
golang-2018-1/4/99_hw/coverage/client.go:98.3,98.50 1 1
golang-2018-1/4/99_hw/coverage/client.go:95.54,97.4 1 1
golang-2018-1/4/99_hw/coverage/client.go:104.31,105.44 1 1
golang-2018-1/4/99_hw/coverage/client.go:106.38,107.53 1 1
golang-2018-1/4/99_hw/coverage/client.go:108.29,111.17 3 1
golang-2018-1/4/99_hw/coverage/client.go:114.3,114.44 1 1
golang-2018-1/4/99_hw/coverage/client.go:117.3,117.73 1 1
golang-2018-1/4/99_hw/coverage/client.go:111.17,113.4 1 1
golang-2018-1/4/99_hw/coverage/client.go:114.44,116.4 1 1
golang-2018-1/4/99_hw/coverage/client.go:122.16,124.3 1 1
golang-2018-1/4/99_hw/coverage/client.go:127.28,130.3 2 1
golang-2018-1/4/99_hw/coverage/client.go:130.3,132.3 1 1
